<?xml version="1.0" encoding="UTF-8"?>
<!-- Generated by org.testng.reporters.JUnitReportReporter -->
<testsuite hostname="CPP00087027A" name="testscript.CreateTemplate" tests="1" failures="0" timestamp="6 Jun 2017 07:52:33 GMT" time="9.736" errors="0">
  <testcase name="test" time="9.736" classname="testscript.CreateTemplate"/>
</testsuite>
