<?xml version="1.0" encoding="UTF-8"?>
<!-- Generated by org.testng.reporters.JUnitReportReporter -->
<testsuite hostname="CPP00087027A" name="testscript.CreateTemplate" tests="1" failures="0" timestamp="9 Jun 2017 08:41:15 GMT" time="39.002" errors="0">
  <testcase name="test" time="39.002" classname="testscript.CreateTemplate"/>
</testsuite>
